13.03.2021 04:52:11 sql=[SELECT * FROM bill INNER JOIN product on bill.idsp = product.id WHERE bill.idkh = 1 AND bill.status = 'TrongGio';] 
13.03.2021 04:52:46 sql=[SELECT * FROM bill INNER JOIN product on bill.idsp = product.id WHERE bill.idkh = 1 AND bill.status = 'TrongGio';] 
13.03.2021 04:53:34 sql=[SELECT * FROM bill INNER JOIN product on bill.idsp = product.id WHERE bill.idkh = 1 AND bill.status = 'TrongGio';] 
13.03.2021 04:54:49 sql=[SELECT * FROM bill INNER JOIN product on bill.idsp = product.id WHERE bill.idkh = 1 AND bill.status = 'TrongGio';] 
13.03.2021 04:55:37 sql=[SELECT * FROM bill INNER JOIN product on bill.idsp = product.id WHERE bill.idkh = 1 AND bill.status = 'TrongGio';] 
13.03.2021 04:55:39 sql=[SELECT * FROM bill INNER JOIN product on bill.idsp = product.id WHERE bill.idkh = 1 AND bill.status = 'TrongGio';] 
13.03.2021 04:55:40 sql=[SELECT * FROM bill INNER JOIN product on bill.idsp = product.id WHERE bill.idkh = 1 AND bill.status = 'TrongGio';] 
13.03.2021 04:55:41 sql=[SELECT * FROM bill INNER JOIN product on bill.idsp = product.id WHERE bill.idkh = 1 AND bill.status = 'TrongGio';] 
13.03.2021 04:56:15 sql=[SELECT * FROM bill INNER JOIN product on bill.idsp = product.id WHERE bill.idkh = 1 AND bill.status = 'TrongGio';] 
13.03.2021 04:56:18 sql=[SELECT * FROM bill INNER JOIN product on bill.idsp = product.id WHERE bill.idkh = 1 AND bill.status = 'TrongGio';] 
13.03.2021 04:56:47 sql=[SELECT * FROM bill INNER JOIN product on bill.idsp = product.id WHERE bill.idkh = 1 AND bill.status = 'TrongGio';] 
13.03.2021 04:56:50 sql=[SELECT * FROM bill INNER JOIN product on bill.idsp = product.id WHERE bill.idkh = 1 AND bill.status = 'TrongGio';] 
13.03.2021 05:00:37 sql=[SELECT * FROM bill INNER JOIN product on bill.idsp = product.id WHERE bill.idkh = 1 AND bill.status = 'TrongGio';] 
13.03.2021 05:06:37 sql=[SELECT * FROM bill INNER JOIN product on bill.idsp = product.id WHERE bill.idkh = 1 AND bill.status = 'TrongGio';] 
13.03.2021 06:07:36 sql=[SELECT * FROM bill INNER JOIN product on bill.idsp = product.id WHERE bill.idkh = 1 AND bill.status = 'TrongGio';] 
13.03.2021 06:10:16 sql=[SELECT * FROM bill INNER JOIN product on bill.idsp = product.id WHERE bill.idkh = 1 AND bill.status = 'TrongGio';] 
13.03.2021 06:11:59 sql=[SELECT * FROM bill INNER JOIN product on bill.idsp = product.id WHERE bill.idkh = 1 AND bill.status = 'TrongGio';] 
13.03.2021 06:17:21 sql=[SELECT * FROM bill INNER JOIN product on bill.idsp = product.id WHERE bill.idkh = 1 AND bill.status = 'TrongGio';] 
13.03.2021 06:18:28 sql=[SELECT * FROM bill INNER JOIN product on bill.idsp = product.id WHERE bill.idkh = 1 AND bill.status = 'TrongGio';] 
13.03.2021 06:18:29 sql=[SELECT * FROM bill INNER JOIN product on bill.idsp = product.id WHERE bill.idkh = 1 AND bill.status = 'TrongGio';] 
13.03.2021 06:19:03 sql=[SELECT * FROM bill INNER JOIN product on bill.idsp = product.id WHERE bill.idkh = 1 AND bill.status = 'TrongGio';] 
13.03.2021 06:19:05 sql=[SELECT * FROM bill INNER JOIN product on bill.idsp = product.id WHERE bill.idkh = 1 AND bill.status = 'TrongGio';] 
13.03.2021 06:19:17 sql=[SELECT * FROM bill INNER JOIN product on bill.idsp = product.id WHERE bill.idkh = 1 AND bill.status = 'TrongGio';] 
13.03.2021 06:20:01 sql=[SELECT * FROM bill INNER JOIN product on bill.idsp = product.id WHERE bill.idkh = 1 AND bill.status = 'TrongGio';] 
13.03.2021 06:21:41 sql=[SELECT * FROM bill INNER JOIN product on bill.idsp = product.id WHERE bill.idkh = 1 AND bill.status = 'TrongGio';] 
13.03.2021 06:22:17 sql=[SELECT * FROM bill INNER JOIN product on bill.idsp = product.id WHERE bill.idkh = 1 AND bill.status = 'TrongGio';] 
13.03.2021 06:23:28 sql=[SELECT * FROM bill INNER JOIN product on bill.idsp = product.id WHERE bill.idkh = 1 AND bill.status = 'TrongGio';] 
13.03.2021 06:23:29 sql=[SELECT * FROM bill INNER JOIN product on bill.idsp = product.id WHERE bill.idhd = 1 ;] 
13.03.2021 06:24:21 sql=[SELECT * FROM bill INNER JOIN product on bill.idsp = product.id WHERE bill.idkh = 1 AND bill.status = 'TrongGio';] 
13.03.2021 06:24:22 sql=[SELECT * FROM bill INNER JOIN product on bill.idsp = product.id WHERE bill.idhd = 1 ;] 
13.03.2021 06:25:50 sql=[SELECT * FROM bill INNER JOIN product on bill.idsp = product.id WHERE bill.idkh = 1 AND bill.status = 'TrongGio';] 
13.03.2021 06:25:53 sql=[SELECT * FROM bill INNER JOIN product on bill.idsp = product.id WHERE bill.idhd = 1 ;] 
13.03.2021 06:31:38 sql=[SELECT * FROM bill INNER JOIN product on bill.idsp = product.id WHERE bill.idkh = 1 AND bill.status = 'TrongGio';] 
13.03.2021 06:31:40 sql=[SELECT * FROM bill INNER JOIN product on bill.idsp = product.id WHERE bill.idhd = 1 ;] 
13.03.2021 06:31:42 sql=[SELECT * FROM bill INNER JOIN product on bill.idsp = product.id WHERE bill.idhd = 1 ;] 
13.03.2021 06:33:33 sql=[SELECT * FROM bill INNER JOIN product on bill.idsp = product.id WHERE bill.idkh = 1 AND bill.status = 'TrongGio';] 
13.03.2021 06:33:35 sql=[SELECT * FROM bill INNER JOIN product on bill.idsp = product.id WHERE bill.idhd = 1 ;] 
13.03.2021 06:34:51 sql=[SELECT * FROM bill INNER JOIN product on bill.idsp = product.id WHERE bill.idkh = 1 AND bill.status = 'TrongGio';] 
13.03.2021 06:34:52 sql=[SELECT * FROM bill INNER JOIN product on bill.idsp = product.id WHERE bill.idhd = 1 ;] 
13.03.2021 06:34:57 sql=[SELECT * FROM bill INNER JOIN product on bill.idsp = product.id WHERE bill.idhd = 1 ;] 
13.03.2021 06:35:00 sql=[SELECT * FROM bill INNER JOIN product on bill.idsp = product.id WHERE bill.idhd = 1 ;] 
13.03.2021 06:37:32 sql=[SELECT * FROM bill INNER JOIN product on bill.idsp = product.id WHERE bill.idkh = 1 AND bill.status = 'TrongGio';] 
13.03.2021 06:37:34 sql=[SELECT * FROM bill INNER JOIN product on bill.idsp = product.id WHERE bill.idhd = 1 ;] 
13.03.2021 06:38:45 sql=[SELECT * FROM bill INNER JOIN product on bill.idsp = product.id WHERE bill.idkh = 1 AND bill.status = 'TrongGio';] 
13.03.2021 06:38:46 sql=[SELECT * FROM bill INNER JOIN product on bill.idsp = product.id WHERE bill.idhd = 1 ;] 
13.03.2021 06:38:51 sql=[SELECT * FROM bill INNER JOIN product on bill.idsp = product.id WHERE bill.idhd = 1 ;] 
13.03.2021 06:41:53 sql=[SELECT * FROM bill INNER JOIN product on bill.idsp = product.id WHERE bill.idkh = 1 AND bill.status = 'TrongGio';] 
13.03.2021 06:41:55 sql=[SELECT * FROM bill INNER JOIN product on bill.idsp = product.id WHERE bill.idhd = 1 ;] 
13.03.2021 06:41:59 sql=[SELECT * FROM bill INNER JOIN product on bill.idsp = product.id WHERE bill.idhd = 1 ;] 
13.03.2021 06:42:01 sql=[SELECT * FROM bill INNER JOIN product on bill.idsp = product.id WHERE bill.idhd = 1 ;] 
13.03.2021 06:42:05 sql=[SELECT * FROM bill INNER JOIN product on bill.idsp = product.id WHERE bill.idhd = 1 ;] 
13.03.2021 06:42:54 sql=[SELECT * FROM bill INNER JOIN product on bill.idsp = product.id WHERE bill.idkh = 1 AND bill.status = 'TrongGio';] 
13.03.2021 06:42:56 sql=[SELECT * FROM bill INNER JOIN product on bill.idsp = product.id WHERE bill.idhd = 1 ;] 
13.03.2021 06:43:40 sql=[SELECT * FROM bill INNER JOIN product on bill.idsp = product.id WHERE bill.idkh = 1 AND bill.status = 'TrongGio';] 
13.03.2021 06:43:42 sql=[SELECT * FROM bill INNER JOIN product on bill.idsp = product.id WHERE bill.idhd = 1 ;] 
13.03.2021 06:43:46 sql=[SELECT * FROM bill INNER JOIN product on bill.idsp = product.id WHERE bill.idhd = 1 ;] 
13.03.2021 06:43:54 sql=[SELECT * FROM bill INNER JOIN product on bill.idsp = product.id WHERE bill.idkh = 1 AND bill.status = 'TrongGio';] 
13.03.2021 06:43:56 sql=[SELECT * FROM bill INNER JOIN product on bill.idsp = product.id WHERE bill.idhd = 1 ;] 
13.03.2021 06:44:00 sql=[SELECT * FROM bill INNER JOIN product on bill.idsp = product.id WHERE bill.idhd = 1 ;] 
13.03.2021 06:49:18 sql=[SELECT * FROM bill INNER JOIN product on bill.idsp = product.id WHERE bill.idkh = 1 AND bill.status = 'TrongGio';] 
13.03.2021 07:00:27 sql=[SELECT * FROM bill INNER JOIN product on bill.idsp = product.id WHERE bill.idkh = 1 AND bill.status = 'TrongGio';] 
13.03.2021 07:00:28 sql=[SELECT * FROM bill INNER JOIN product on bill.idsp = product.id WHERE bill.idhd = 1 ;] 
13.03.2021 07:00:30 <!-- sql=[UPDATE bill SET status = 'DaDat' timeorder = now() WHERE idhd = 1;] --> 
13.03.2021 07:00:32 <!-- sql=[UPDATE bill SET status = 'DaDat' timeorder = now() WHERE idhd = 1;] --> 
13.03.2021 07:00:32 <!-- sql=[UPDATE bill SET status = 'DaDat' timeorder = now() WHERE idhd = 1;] --> 
13.03.2021 07:00:33 <!-- sql=[UPDATE bill SET status = 'DaDat' timeorder = now() WHERE idhd = 1;] --> 
13.03.2021 07:02:17 sql=[SELECT * FROM bill INNER JOIN product on bill.idsp = product.id WHERE bill.idkh = 1 AND bill.status = 'TrongGio';] 
13.03.2021 07:02:18 sql=[SELECT * FROM bill INNER JOIN product on bill.idsp = product.id WHERE bill.idhd = 1 ;] 
13.03.2021 07:02:20 <!-- sql=[UPDATE bill SET status = 'DaDat' timeorder = now() WHERE idhd = 1;] --> 
13.03.2021 07:02:25 <!-- sql=[UPDATE bill SET status = 'DaDat' timeorder = now() WHERE idhd = 1;] --> 
13.03.2021 07:02:46 sql=[SELECT * FROM bill INNER JOIN product on bill.idsp = product.id WHERE bill.idkh = 1 AND bill.status = 'TrongGio';] 
13.03.2021 07:02:47 sql=[SELECT * FROM bill INNER JOIN product on bill.idsp = product.id WHERE bill.idhd = 1 ;] 
13.03.2021 07:02:49 <!-- sql=[UPDATE bill SET status = 'DaDat' timeorder = now() WHERE idhd = 1;] --> 
13.03.2021 07:05:07 sql=[SELECT * FROM bill INNER JOIN product on bill.idsp = product.id WHERE bill.idkh = 1 AND bill.status = 'TrongGio';] 
13.03.2021 07:05:08 sql=[SELECT * FROM bill INNER JOIN product on bill.idsp = product.id WHERE bill.idhd = 1 ;] 
13.03.2021 07:05:10 <!-- sql=[UPDATE bill SET status = 'DaDat', timeorder = now() WHERE idhd = 1;] --> 
13.03.2021 07:05:18 sql=[SELECT * FROM bill INNER JOIN product on bill.idsp = product.id WHERE bill.idkh = 1 AND bill.status = 'TrongGio';] 
13.03.2021 09:22:39 sql=[select * from customer_information where id = 1] 
13.03.2021 09:25:53 sql=[select * from customer_information where id = 1] 
13.03.2021 09:26:51 sql=[select * from customer_information where id = 1] 
13.03.2021 09:27:34 sql=[select * from customer_information where id = 1] 
13.03.2021 09:28:33 sql=[select * from customer_information where id = 1] 
13.03.2021 09:28:33 <!-- sql=[insert into bill (idkh,idsp,amount,deliveryaddress,status) values ('1','KH1','2','Điền Xá - Nam Trực - Nam Định','TrongGio')] --> 
13.03.2021 09:28:37 sql=[SELECT * FROM bill INNER JOIN product on bill.idsp = product.id WHERE bill.idkh = 1 AND bill.status = 'TrongGio';] 
13.03.2021 09:29:15 sql=[select * from customer_information where id = 1] 
13.03.2021 09:29:15 <!-- sql=[insert into bill (idkh,idsp,amount,deliveryaddress,status) values ('1','KH1','2','Điền Xá - Nam Trực - Nam Định','TrongGio')] --> 
13.03.2021 09:31:47 sql=[select * from customer_information where id = 1] 
13.03.2021 09:31:47 <!-- sql=[insert into bill (idhd,idkh,idsp,amount,totalmoney,timeorder,deliveryaddress,status) values ('','1','KH1','2','','','Điền Xá - Nam Trực - Nam Định','TrongGio')] --> 
13.03.2021 09:34:37 sql=[select * from customer_information where id = 1] 
13.03.2021 09:35:20 sql=[select * from customer_information where id = 1] 
13.03.2021 09:35:54 sql=[select * from customer_information where id = 1] 
13.03.2021 09:35:54 <!-- sql=[insert into bill (idhd,idkh,idsp,amount,totalmoney,timeorder,deliveryaddress,status) values ('','1','26','2','','','Điền Xá - Nam Trực - Nam Định','TrongGio')] --> 
13.03.2021 09:35:57 sql=[SELECT * FROM bill INNER JOIN product on bill.idsp = product.id WHERE bill.idkh = 1 AND bill.status = 'TrongGio';] 
13.03.2021 09:46:56 sql=[SELECT * FROM bill INNER JOIN product on bill.idsp = product.id WHERE bill.idkh = 1 AND bill.status = 'TrongGio';] 
13.03.2021 09:48:50 sql=[SELECT * FROM bill INNER JOIN product on bill.idsp = product.id WHERE bill.idkh = 1 AND bill.status = 'TrongGio';] 
13.03.2021 10:03:31 sql=[SELECT * FROM bill INNER JOIN product on bill.idsp = product.id WHERE bill.idkh = 1 AND bill.status = 'TrongGio';] 
13.03.2021 10:03:49 sql=[SELECT * FROM bill INNER JOIN product on bill.idsp = product.id WHERE bill.idkh = 1 AND bill.status = 'TrongGio';] 
13.03.2021 10:10:17 sql=[select * from customer_information where id = 1] 
13.03.2021 10:10:17 <!-- sql=[insert into bill (idhd,idkh,idsp,amount,totalmoney,timeorder,deliveryaddress,status) values ('','1','6','2','','','Điền Xá - Nam Trực - Nam Định','TrongGio')] --> 
13.03.2021 10:10:17 <!-- sql=[UPDATE bill INNER JOIN product on bill.idsp = product.id set bill.totalmoney = bill.amount * product.price] --> 
13.03.2021 10:10:19 sql=[SELECT * FROM bill INNER JOIN product on bill.idsp = product.id WHERE bill.idkh = 1 AND bill.status = 'TrongGio';] 
13.03.2021 10:10:21 <!-- sql=[DELETE from bill where idhd = $idhd] --> 
13.03.2021 10:10:23 sql=[SELECT * FROM bill INNER JOIN product on bill.idsp = product.id WHERE bill.idkh = 1 AND bill.status = 'TrongGio';] 
13.03.2021 10:11:04 sql=[SELECT * FROM bill INNER JOIN product on bill.idsp = product.id WHERE bill.idkh = 1 AND bill.status = 'TrongGio';] 
13.03.2021 10:11:05 <!-- sql=[DELETE * from bill where idhd = $idhd] --> 
13.03.2021 10:11:07 sql=[SELECT * FROM bill INNER JOIN product on bill.idsp = product.id WHERE bill.idkh = 1 AND bill.status = 'TrongGio';] 
13.03.2021 10:12:04 sql=[SELECT * FROM bill INNER JOIN product on bill.idsp = product.id WHERE bill.idkh = 1 AND bill.status = 'TrongGio';] 
13.03.2021 10:13:28 sql=[SELECT * FROM bill INNER JOIN product on bill.idsp = product.id WHERE bill.idkh = 1 AND bill.status = 'TrongGio';] 
13.03.2021 10:13:32 <!-- sql=[DELETE from bill where idhd = $idhd] --> 
13.03.2021 10:13:33 sql=[SELECT * FROM bill INNER JOIN product on bill.idsp = product.id WHERE bill.idkh = 1 AND bill.status = 'TrongGio';] 
13.03.2021 10:14:14 sql=[SELECT * FROM bill INNER JOIN product on bill.idsp = product.id WHERE bill.idkh = 1 AND bill.status = 'TrongGio';] 
13.03.2021 10:15:08 sql=[SELECT * FROM bill INNER JOIN product on bill.idsp = product.id WHERE bill.idkh = 1 AND bill.status = 'TrongGio';] 
13.03.2021 10:15:27 sql=[SELECT * FROM bill INNER JOIN product on bill.idsp = product.id WHERE bill.idkh = 1 AND bill.status = 'TrongGio';] 
13.03.2021 10:15:31 sql=[SELECT * FROM bill INNER JOIN product on bill.idsp = product.id WHERE bill.idkh = 1 AND bill.status = 'TrongGio';] 
13.03.2021 10:15:35 sql=[SELECT * FROM bill INNER JOIN product on bill.idsp = product.id WHERE bill.idkh = 1 AND bill.status = 'TrongGio';] 
13.03.2021 10:16:10 sql=[SELECT * FROM bill INNER JOIN product on bill.idsp = product.id WHERE bill.idkh = 1 AND bill.status = 'TrongGio';] 
13.03.2021 10:16:12 <!-- sql=[DELETE from bill where idhd = 9] --> 
13.03.2021 10:16:16 <!-- sql=[DELETE from bill where idhd = 9] --> 
13.03.2021 10:16:20 sql=[SELECT * FROM bill INNER JOIN product on bill.idsp = product.id WHERE bill.idkh = 1 AND bill.status = 'TrongGio';] 
13.03.2021 10:16:42 sql=[select * from customer_information where id = 1] 
13.03.2021 10:16:42 <!-- sql=[insert into bill (idhd,idkh,idsp,amount,totalmoney,timeorder,deliveryaddress,status) values ('','1','6','2','','','Điền Xá - Nam Trực - Nam Định','TrongGio')] --> 
13.03.2021 10:16:42 <!-- sql=[UPDATE bill INNER JOIN product on bill.idsp = product.id set bill.totalmoney = bill.amount * product.price] --> 
13.03.2021 10:16:44 sql=[SELECT * FROM bill INNER JOIN product on bill.idsp = product.id WHERE bill.idkh = 1 AND bill.status = 'TrongGio';] 
13.03.2021 10:16:45 <!-- sql=[DELETE from bill where idhd = 10] --> 
13.03.2021 10:16:51 sql=[SELECT * FROM bill INNER JOIN product on bill.idsp = product.id WHERE bill.idkh = 1 AND bill.status = 'TrongGio';] 
13.03.2021 10:17:04 sql=[select * from customer_information where id = 1] 
13.03.2021 10:17:04 <!-- sql=[insert into bill (idhd,idkh,idsp,amount,totalmoney,timeorder,deliveryaddress,status) values ('','1','12','1','','','Điền Xá - Nam Trực - Nam Định','TrongGio')] --> 
13.03.2021 10:17:04 <!-- sql=[UPDATE bill INNER JOIN product on bill.idsp = product.id set bill.totalmoney = bill.amount * product.price] --> 
13.03.2021 10:17:07 sql=[SELECT * FROM bill INNER JOIN product on bill.idsp = product.id WHERE bill.idkh = 1 AND bill.status = 'TrongGio';] 
13.03.2021 10:17:08 sql=[SELECT * FROM bill INNER JOIN product on bill.idsp = product.id WHERE bill.idhd = 11 ;] 
13.03.2021 10:17:12 sql=[SELECT * FROM bill INNER JOIN product on bill.idsp = product.id WHERE bill.idhd = 11 ;] 
13.03.2021 10:17:19 sql=[SELECT * FROM bill INNER JOIN product on bill.idsp = product.id WHERE bill.idkh = 1 AND bill.status = 'TrongGio';] 
13.03.2021 10:29:40 <!-- sql=[DELETE from bill where idhd = 3] --> 
13.03.2021 10:37:28 sql=[SELECT * FROM bill INNER JOIN product on bill.idsp = product.id WHERE bill.idkh = 1 AND bill.status = 'TrongGio';] 
13.03.2021 10:37:31 sql=[SELECT * FROM bill INNER JOIN product on bill.idsp = product.id WHERE bill.idkh = 1 AND bill.status = 'TrongGio';] 
13.03.2021 10:37:34 sql=[SELECT * FROM bill INNER JOIN product on bill.idsp = product.id WHERE bill.idkh = 1 AND bill.status = 'TrongGio';] 
13.03.2021 10:38:39 sql=[SELECT * FROM bill INNER JOIN product on bill.idsp = product.id WHERE bill.idkh = 1 AND bill.status = 'TrongGio';] 
13.03.2021 02:47:19 sql=[SELECT * FROM bill INNER JOIN product on bill.idsp = product.id WHERE bill.idkh = 1 AND bill.status = 'TrongGio';] 
13.03.2021 02:47:22 sql=[SELECT * FROM bill INNER JOIN product on bill.idsp = product.id WHERE bill.idhd = 8 ;] 
13.03.2021 02:47:25 sql=[SELECT * FROM bill INNER JOIN product on bill.idsp = product.id WHERE bill.idhd = 11 ;] 
13.03.2021 02:47:28 sql=[SELECT * FROM bill INNER JOIN product on bill.idsp = product.id WHERE bill.idhd = 11 ;] 
13.03.2021 03:42:09 sql=[select * from product where name like 'ka'] 
13.03.2021 03:42:13 sql=[select * from product where name like ''] 
13.03.2021 03:43:09 sql=[select * from product where name like 'k'] 
13.03.2021 03:46:15 sql=[select * from product where name like '%k%'] 
13.03.2021 03:46:47 sql=[select * from product where name like '%%'] 
13.03.2021 03:52:34 sql=[select * from product where name like '%ka%'] 
13.03.2021 03:52:41 sql=[select * from product where name like '%k%'] 
13.03.2021 03:52:56 sql=[select * from product where name like '%%'] 
13.03.2021 03:53:28 sql=[select * from product where name like '%a%'] 
13.03.2021 03:53:35 sql=[select * from product where name like '% %'] 
13.03.2021 03:53:43 sql=[select * from product where name like '%á%'] 
13.03.2021 03:55:37 sql=[select * from product where name like '%l%'] 
13.03.2021 03:55:59 sql=[select * from product where name like '%k%' limit 5] 
13.03.2021 03:57:11 sql=[select * from product where name like '%k%' limit 5] 
13.03.2021 03:57:15 sql=[select * from product where name like '%a%' limit 5] 
13.03.2021 03:57:20 sql=[select * from product where name like '%n%' limit 5] 
13.03.2021 03:57:22 sql=[select * from product where name like '%nd%' limit 5] 
13.03.2021 03:57:26 sql=[select * from product where name like '%nd-%' limit 5] 
13.03.2021 03:57:32 sql=[select * from product where name like '%k%' limit 5] 
13.03.2021 03:57:38 sql=[select * from product where name like '%k%' limit 5] 
13.03.2021 04:02:29 sql=[select * from product where name like '%k%' limit 5] 
13.03.2021 04:02:34 sql=[select * from product where name like '%ka%' limit 5] 
13.03.2021 04:02:35 sql=[select * from product where name like '%k%' limit 5] 
13.03.2021 04:02:35 sql=[select * from product where name like '%kw%' limit 5] 
13.03.2021 04:02:36 sql=[select * from product where name like '%k%' limit 5] 
13.03.2021 04:02:38 sql=[select * from product where name like '%h%' limit 5] 
13.03.2021 04:02:38 sql=[select * from product where name like '%k%' limit 5] 
13.03.2021 04:02:46 sql=[select * from product where name like '%k%'] 
13.03.2021 04:03:29 sql=[select * from product where name like '%k%'] 
13.03.2021 04:04:34 sql=[select * from product where name like '%k%'] 
13.03.2021 04:04:39 sql=[select * from product where name like '%k%'] 
13.03.2021 04:04:41 sql=[select * from product where name like '%k%'] 
13.03.2021 04:04:51 sql=[select * from product where name like '%k%'] 
13.03.2021 04:05:45 sql=[select * from product where name like '%k%'] 
13.03.2021 04:08:05 sql=[select * from product where name like '%h%'] 
13.03.2021 04:08:07 sql=[select * from product where name like '%k%'] 
13.03.2021 04:08:42 sql=[select * from product where name like '%k%'] 
13.03.2021 04:08:44 sql=[select * from product where name like '%k%'] 
13.03.2021 04:08:46 sql=[select * from product where name like '%k%'] 
13.03.2021 04:08:47 sql=[select * from product where name like '%k%'] 
13.03.2021 04:08:47 sql=[select * from product where name like '%h%'] 
13.03.2021 04:08:49 sql=[select * from product where name like '%k%'] 
13.03.2021 04:08:50 sql=[select * from product where name like '%g%'] 
13.03.2021 04:08:52 sql=[select * from product where name like '%j%'] 
13.03.2021 04:08:54 sql=[select * from product where name like '%d%'] 
13.03.2021 04:08:55 sql=[select * from product where name like '%s%'] 
13.03.2021 04:09:14 sql=[select * from product where name like '%c%'] 
13.03.2021 04:10:14 sql=[select * from product where name like '%k%'] 
13.03.2021 04:10:15 sql=[select * from product where name like '%k%'] 
13.03.2021 04:10:16 sql=[select * from product where name like '%k%'] 
13.03.2021 04:10:17 sql=[select * from product where name like '%k%'] 
13.03.2021 04:10:17 sql=[select * from product where name like '%k%'] 
13.03.2021 04:10:18 sql=[select * from product where name like '%j%'] 
13.03.2021 04:10:19 sql=[select * from product where name like '%k%'] 
13.03.2021 04:10:33 sql=[select * from product where name like '%k%'] 
13.03.2021 04:10:36 sql=[select * from product where name like '%k%'] 
13.03.2021 04:10:37 sql=[select * from product where name like '%k%'] 
13.03.2021 04:10:39 sql=[select * from product where name like '%k%'] 
13.03.2021 04:10:41 sql=[select * from product where name like '%k%'] 
13.03.2021 04:10:42 sql=[select * from product where name like '%k%'] 
13.03.2021 04:10:44 sql=[select * from product where name like '%k%'] 
13.03.2021 04:13:42 sql=[select * from product where name like '%k%'] 
13.03.2021 04:14:02 sql=[select * from product where name like '%k%'] 
13.03.2021 04:14:04 sql=[select * from product where name like '%k%'] 
13.03.2021 04:14:05 sql=[select * from product where name like '%k%'] 
13.03.2021 04:14:06 sql=[select * from product where name like '%k%'] 
13.03.2021 04:14:07 sql=[select * from product where name like '%k%'] 
13.03.2021 04:14:09 sql=[select * from product where name like '%k%'] 
13.03.2021 04:14:09 sql=[select * from product where name like '%k%'] 
13.03.2021 04:14:10 sql=[select * from product where name like '%k%'] 
13.03.2021 04:15:16 sql=[select * from product where name like '%k%'] 
13.03.2021 04:15:19 sql=[select * from product where name like '%k%'] 
13.03.2021 04:15:21 sql=[select * from product where name like '%k%'] 
13.03.2021 04:15:25 sql=[select * from product where name like '%d%'] 
13.03.2021 04:15:27 sql=[select * from product where name like '%k%'] 
13.03.2021 04:15:38 sql=[select * from product where name like '%k%'] 
13.03.2021 04:15:40 sql=[select * from product where name like '%ka%'] 
13.03.2021 04:15:47 sql=[select * from product where name like '%k%'] 
13.03.2021 04:16:10 sql=[select * from product where name like '%k%'] 
13.03.2021 04:16:14 sql=[select * from product where name like '%kh%'] 
13.03.2021 04:16:15 sql=[select * from product where name like '%k%'] 
13.03.2021 04:16:15 sql=[select * from product where name like '%kg%'] 
13.03.2021 04:16:16 sql=[select * from product where name like '%k%'] 
13.03.2021 04:16:17 sql=[select * from product where name like '%ka%'] 
13.03.2021 04:16:23 sql=[select * from product where name like '%k%'] 
13.03.2021 04:16:25 sql=[select * from product where name like '%k%'] 
13.03.2021 04:16:27 sql=[select * from product where name like '% %'] 
13.03.2021 04:16:30 sql=[select * from product where name like '%d%'] 
13.03.2021 04:25:37 sql=[select * from product where name like '%k%'] 
13.03.2021 04:28:01 sql=[select * from product where name like '%j%'] 
13.03.2021 04:28:02 sql=[select * from product where name like '%k%'] 
13.03.2021 04:30:26 sql=[select * from product where name like '%k%'] 
13.03.2021 04:34:47 sql=[select * from product where name like '%k%'] 
13.03.2021 04:34:48 sql=[select * from product where name like '%ka%'] 
13.03.2021 04:34:48 sql=[select * from product where name like '%kaa%'] 
13.03.2021 04:34:48 sql=[select * from product where name like '%kaaa%'] 
13.03.2021 04:34:48 sql=[select * from product where name like '%kaaaa%'] 
13.03.2021 04:34:48 sql=[select * from product where name like '%kaaaaa%'] 
13.03.2021 04:34:49 sql=[select * from product where name like '%kaaaaaa%'] 
13.03.2021 04:34:49 sql=[select * from product where name like '%kaaaaaaa%'] 
13.03.2021 04:35:03 sql=[select * from product where name like '%a%'] 
13.03.2021 04:35:34 sql=[select * from product where name like '%k%'] 
13.03.2021 04:35:34 sql=[select * from product where name like '%ka%'] 
13.03.2021 04:35:34 sql=[select * from product where name like '%kaw%'] 
13.03.2021 04:35:34 sql=[select * from product where name like '%kaww%'] 
13.03.2021 04:35:35 sql=[select * from product where name like '%kawwa%'] 
13.03.2021 04:35:35 sql=[select * from product where name like '%kawwai%'] 
13.03.2021 04:35:35 sql=[select * from product where name like '%kawwa%'] 
13.03.2021 04:35:35 sql=[select * from product where name like '%kaww%'] 
13.03.2021 04:35:35 sql=[select * from product where name like '%kaw%'] 
13.03.2021 04:35:37 sql=[select * from product where name like '%kawa%'] 
13.03.2021 04:35:37 sql=[select * from product where name like '%kawai%'] 
13.03.2021 04:36:47 sql=[select * from product where name like '%k%'] 
13.03.2021 04:36:54 sql=[select * from product where name like '%kawai%'] 
13.03.2021 04:37:39 sql=[select * from product where name like '%k%'] 
13.03.2021 04:37:43 sql=[select * from product where name like '%k%'] 
13.03.2021 04:37:43 sql=[select * from product where name like '%k%'] 
13.03.2021 04:37:45 sql=[select * from product where name like '%k%'] 
13.03.2021 04:37:48 sql=[select * from product where name like '%ka%'] 
13.03.2021 04:37:48 sql=[select * from product where name like '%ka%'] 
13.03.2021 04:37:50 sql=[select * from product where name like '%kawai%'] 
13.03.2021 04:37:56 sql=[select * from product where name like '%kawa%'] 
13.03.2021 04:37:59 sql=[select * from product where name like '%kawai%'] 
13.03.2021 04:38:05 sql=[select * from product where name like '%kawa%'] 
13.03.2021 04:38:05 sql=[select * from product where name like '%kaw%'] 
13.03.2021 04:38:05 sql=[select * from product where name like '%ka%'] 
13.03.2021 04:38:05 sql=[select * from product where name like '%k%'] 
13.03.2021 04:43:40 sql=[select * from customer_information where id = 6] 
13.03.2021 04:43:40 <!-- sql=[insert into bill (idhd,idkh,idsp,amount,totalmoney,timeorder,deliveryaddress,status) values ('','6','7','2','','','Thanh Hóa','TrongGio')] --> 
13.03.2021 04:43:40 <!-- sql=[UPDATE bill INNER JOIN product on bill.idsp = product.id set bill.totalmoney = bill.amount * product.price] --> 
13.03.2021 04:43:59 sql=[select * from customer_information where id = 6] 
13.03.2021 04:43:59 <!-- sql=[insert into bill (idhd,idkh,idsp,amount,totalmoney,timeorder,deliveryaddress,status) values ('','6','34','3','','','Thanh Hóa','TrongGio')] --> 
13.03.2021 04:43:59 <!-- sql=[UPDATE bill INNER JOIN product on bill.idsp = product.id set bill.totalmoney = bill.amount * product.price] --> 
13.03.2021 04:44:12 sql=[select * from customer_information where id = 6] 
13.03.2021 04:44:12 <!-- sql=[insert into bill (idhd,idkh,idsp,amount,totalmoney,timeorder,deliveryaddress,status) values ('','6','22','1','','','Thanh Hóa','TrongGio')] --> 
13.03.2021 04:44:12 <!-- sql=[UPDATE bill INNER JOIN product on bill.idsp = product.id set bill.totalmoney = bill.amount * product.price] --> 
13.03.2021 04:44:33 sql=[select * from customer_information where id = 6] 
13.03.2021 04:44:33 <!-- sql=[insert into bill (idhd,idkh,idsp,amount,totalmoney,timeorder,deliveryaddress,status) values ('','6','44','1','','','Thanh Hóa','TrongGio')] --> 
13.03.2021 04:44:33 <!-- sql=[UPDATE bill INNER JOIN product on bill.idsp = product.id set bill.totalmoney = bill.amount * product.price] --> 
13.03.2021 04:44:35 sql=[SELECT * FROM bill INNER JOIN product on bill.idsp = product.id WHERE bill.idkh = 6 AND bill.status = 'TrongGio';] 
13.03.2021 04:44:43 sql=[SELECT * FROM bill INNER JOIN product on bill.idsp = product.id WHERE bill.idkh = 6 AND bill.status = 'TrongGio';] 
13.03.2021 04:44:44 sql=[SELECT * FROM bill INNER JOIN product on bill.idsp = product.id WHERE bill.idkh = 6 AND bill.status = 'TrongGio';] 
13.03.2021 04:44:48 sql=[SELECT * FROM bill INNER JOIN product on bill.idsp = product.id WHERE bill.idkh = 6 AND bill.status = 'TrongGio';] 
13.03.2021 04:45:19 sql=[SELECT * FROM bill INNER JOIN product on bill.idsp = product.id WHERE bill.idkh = 6 AND bill.status = 'TrongGio';] 
13.03.2021 04:45:41 sql=[SELECT * FROM bill INNER JOIN product on bill.idsp = product.id WHERE bill.idkh = 6 AND bill.status = 'TrongGio';] 
13.03.2021 04:45:50 sql=[SELECT * FROM bill INNER JOIN product on bill.idsp = product.id WHERE bill.idkh = 6 AND bill.status = 'TrongGio';] 
13.03.2021 04:46:57 sql=[SELECT * FROM bill INNER JOIN product on bill.idsp = product.id WHERE bill.idkh = 6 AND bill.status = 'TrongGio';] 
13.03.2021 04:47:13 sql=[SELECT * FROM bill INNER JOIN product on bill.idsp = product.id WHERE bill.idkh = 6 AND bill.status = 'TrongGio';] 
13.03.2021 04:47:20 sql=[SELECT * FROM bill INNER JOIN product on bill.idsp = product.id WHERE bill.idkh = 6 AND bill.status = 'TrongGio';] 
13.03.2021 04:47:26 sql=[SELECT * FROM bill INNER JOIN product on bill.idsp = product.id WHERE bill.idkh = 6 AND bill.status = 'TrongGio';] 
13.03.2021 04:47:42 sql=[SELECT * FROM bill INNER JOIN product on bill.idsp = product.id WHERE bill.idkh = 6 AND bill.status = 'TrongGio';] 
13.03.2021 04:47:47 sql=[SELECT * FROM bill INNER JOIN product on bill.idsp = product.id WHERE bill.idkh = 6 AND bill.status = 'TrongGio';] 
13.03.2021 04:47:54 sql=[SELECT * FROM bill INNER JOIN product on bill.idsp = product.id WHERE bill.idkh = 6 AND bill.status = 'TrongGio';] 
13.03.2021 04:47:59 sql=[SELECT * FROM bill INNER JOIN product on bill.idsp = product.id WHERE bill.idkh = 6 AND bill.status = 'TrongGio';] 
13.03.2021 04:48:04 sql=[SELECT * FROM bill INNER JOIN product on bill.idsp = product.id WHERE bill.idhd = 14 ;] 
13.03.2021 04:48:10 <!-- sql=[UPDATE bill SET status = 'DaDat', timeorder = now() WHERE idhd = 14;] --> 
13.03.2021 04:48:12 sql=[SELECT * FROM bill INNER JOIN product on bill.idsp = product.id WHERE bill.idkh = 6 AND bill.status = 'TrongGio';] 
13.03.2021 04:48:34 sql=[SELECT * FROM bill INNER JOIN product on bill.idsp = product.id WHERE bill.idkh = 6 AND bill.status = 'TrongGio';] 
13.03.2021 04:48:36 sql=[SELECT * FROM bill INNER JOIN product on bill.idsp = product.id WHERE bill.idhd = 13 ;] 
13.03.2021 04:48:38 <!-- sql=[UPDATE bill SET status = 'DaDat', timeorder = now() WHERE idhd = 13;] --> 
13.03.2021 04:48:45 sql=[SELECT * FROM bill INNER JOIN product on bill.idsp = product.id WHERE bill.idkh = 6 AND bill.status = 'TrongGio';] 
13.03.2021 04:48:48 sql=[SELECT * FROM bill INNER JOIN product on bill.idsp = product.id WHERE bill.idkh = 6 AND bill.status = 'TrongGio';] 
13.03.2021 04:48:53 sql=[SELECT * FROM bill INNER JOIN product on bill.idsp = product.id WHERE bill.idkh = 6 AND bill.status = 'TrongGio';] 
13.03.2021 04:49:04 sql=[select * from product where name like '%l%'] 
13.03.2021 04:49:07 sql=[select * from product where name like '%k%'] 
13.03.2021 04:49:08 sql=[select * from product where name like '%l%'] 
13.03.2021 04:49:11 sql=[select * from product where name like '%s%'] 
13.03.2021 04:49:14 sql=[select * from product where name like '%u%'] 
13.03.2021 04:49:17 sql=[select * from product where name like '%z%'] 
13.03.2021 04:49:19 sql=[select * from product where name like '%z%'] 
13.03.2021 04:49:21 sql=[select * from product where name like '%c%'] 
13.03.2021 04:49:23 sql=[select * from product where name like '%v%'] 
13.03.2021 04:49:25 sql=[select * from product where name like '%b%'] 
13.03.2021 04:49:29 sql=[select * from product where name like '%q%'] 
13.03.2021 04:49:30 sql=[select * from product where name like '%ư%'] 
13.03.2021 04:49:30 sql=[select * from product where name like '%ư%'] 
13.03.2021 04:49:33 sql=[select * from product where name like '%e%'] 
13.03.2021 04:49:35 sql=[select * from product where name like '%r%'] 
13.03.2021 04:49:41 sql=[select * from product where name like '%t%'] 
13.03.2021 04:49:44 sql=[select * from product where name like '%ty%'] 
13.03.2021 04:49:44 sql=[select * from product where name like '%t%'] 
13.03.2021 04:49:45 sql=[select * from product where name like '%y%'] 
13.03.2021 04:49:47 sql=[select * from product where name like '%sa%'] 
13.03.2021 04:49:47 sql=[select * from product where name like '%sa%'] 
13.03.2021 04:49:49 sql=[select * from product where name like '%s%'] 
13.03.2021 04:49:51 sql=[select * from product where name like '%sa%'] 
13.03.2021 04:49:51 sql=[select * from product where name like '%sa%'] 
13.03.2021 04:49:53 sql=[select * from product where name like '%s%'] 
13.03.2021 04:49:54 sql=[select * from product where name like '%sa%'] 
13.03.2021 04:49:54 sql=[select * from product where name like '%sa%'] 
13.03.2021 04:49:57 sql=[select * from product where name like '%s%'] 
14.03.2021 01:57:17 sql=[select * from customer_information where id = 7] 
14.03.2021 01:57:17 <!-- sql=[insert into bill (idhd,idkh,idsp,amount,totalmoney,timeorder,deliveryaddress,status) values ('','7','1','2','','','Nguyễn Trãi - Thanh Xuân - Hà Nội','TrongGio')] --> 
14.03.2021 01:57:17 <!-- sql=[UPDATE bill INNER JOIN product on bill.idsp = product.id set bill.totalmoney = bill.amount * product.price] --> 
14.03.2021 01:57:19 sql=[SELECT * FROM bill INNER JOIN product on bill.idsp = product.id WHERE bill.idkh = 7 AND bill.status = 'TrongGio';] 
14.03.2021 01:57:20 sql=[SELECT * FROM bill INNER JOIN product on bill.idsp = product.id WHERE bill.idhd = 16 ;] 
14.03.2021 01:57:25 <!-- sql=[UPDATE bill SET status = 'DaDat', timeorder = now() WHERE idhd = 16;] --> 
14.03.2021 01:58:55 <!-- sql=[DELETE from bill where idhd = 16] --> 
14.03.2021 01:59:12 sql=[SELECT * FROM bill INNER JOIN product on bill.idsp = product.id WHERE bill.idkh = 7 AND bill.status = 'TrongGio';] 
14.03.2021 01:59:21 sql=[select * from product where name like '%g%'] 
14.03.2021 01:59:36 sql=[select * from product where name like '%b%'] 
14.03.2021 01:59:36 sql=[select * from product where name like '%ba%'] 
14.03.2021 01:59:38 sql=[select * from product where name like '%b%'] 
14.03.2021 02:04:26 sql=[select * from customer_information where id = 7] 
14.03.2021 02:04:26 <!-- sql=[insert into bill (idhd,idkh,idsp,amount,totalmoney,timeorder,deliveryaddress,status) values ('','7','1','1','','','Nguyễn Trãi - Thanh Xuân - Hà Nội','TrongGio')] --> 
14.03.2021 02:04:26 <!-- sql=[UPDATE bill INNER JOIN product on bill.idsp = product.id set bill.totalmoney = bill.amount * product.price] --> 
14.03.2021 02:05:09 sql=[select * from customer_information where id = 7] 
14.03.2021 02:05:09 <!-- sql=[insert into bill (idhd,idkh,idsp,amount,totalmoney,timeorder,deliveryaddress,status) values ('','7','30','1','','','Nguyễn Trãi - Thanh Xuân - Hà Nội','TrongGio')] --> 
14.03.2021 02:05:09 <!-- sql=[UPDATE bill INNER JOIN product on bill.idsp = product.id set bill.totalmoney = bill.amount * product.price] --> 
14.03.2021 02:05:11 sql=[SELECT * FROM bill INNER JOIN product on bill.idsp = product.id WHERE bill.idkh = 7 AND bill.status = 'TrongGio';] 
14.03.2021 02:05:18 sql=[SELECT * FROM bill INNER JOIN product on bill.idsp = product.id WHERE bill.idkh = 7 AND bill.status = 'TrongGio';] 
14.03.2021 02:05:30 sql=[SELECT * FROM bill INNER JOIN product on bill.idsp = product.id WHERE bill.idkh = 7 AND bill.status = 'TrongGio';] 
14.03.2021 02:05:32 sql=[SELECT * FROM bill INNER JOIN product on bill.idsp = product.id WHERE bill.idhd = 18 ;] 
14.03.2021 02:05:40 <!-- sql=[UPDATE bill SET status = 'DaDat', timeorder = now() WHERE idhd = 18;] --> 
14.03.2021 02:05:45 sql=[SELECT * FROM bill INNER JOIN product on bill.idsp = product.id WHERE bill.idkh = 7 AND bill.status = 'TrongGio';] 
14.03.2021 02:05:47 sql=[SELECT * FROM bill INNER JOIN product on bill.idsp = product.id WHERE bill.idhd = 17 ;] 
14.03.2021 02:06:09 sql=[SELECT * FROM bill INNER JOIN product on bill.idsp = product.id WHERE bill.idkh = 7 AND bill.status = 'TrongGio';] 
14.03.2021 02:06:15 sql=[SELECT * FROM bill INNER JOIN product on bill.idsp = product.id WHERE bill.idhd = 17 ;] 
14.03.2021 02:06:17 <!-- sql=[UPDATE bill SET status = 'DaDat', timeorder = now() WHERE idhd = 17;] --> 
14.03.2021 02:06:57 sql=[SELECT * FROM bill INNER JOIN product on bill.idsp = product.id WHERE bill.idkh = 7 AND bill.status = 'TrongGio';] 
14.03.2021 02:07:09 sql=[select * from customer_information where id = 7] 
14.03.2021 02:07:09 <!-- sql=[insert into bill (idhd,idkh,idsp,amount,totalmoney,timeorder,deliveryaddress,status) values ('','7','30','2','','','Nguyễn Trãi - Thanh Xuân - Hà Nội','TrongGio')] --> 
14.03.2021 02:07:09 <!-- sql=[UPDATE bill INNER JOIN product on bill.idsp = product.id set bill.totalmoney = bill.amount * product.price] --> 
14.03.2021 02:07:11 sql=[SELECT * FROM bill INNER JOIN product on bill.idsp = product.id WHERE bill.idkh = 7 AND bill.status = 'TrongGio';] 
14.03.2021 02:07:12 sql=[SELECT * FROM bill INNER JOIN product on bill.idsp = product.id WHERE bill.idhd = 19 ;] 
14.03.2021 02:07:27 <!-- sql=[DELETE from bill where idhd = 19] --> 
14.03.2021 02:11:25 sql=[select * from product where name like '%kawai%'] 
14.03.2021 02:11:44 sql=[select * from product where name like '%kawa%'] 
14.03.2021 02:11:44 sql=[select * from product where name like '%kaw%'] 
14.03.2021 02:11:45 sql=[select * from product where name like '%ka%'] 
14.03.2021 02:11:45 sql=[select * from product where name like '%k%'] 
14.03.2021 02:15:12 sql=[SELECT * FROM bill INNER JOIN product on bill.idsp = product.id WHERE bill.idkh = 7 AND bill.status = 'TrongGio';] 
14.03.2021 02:15:13 sql=[SELECT * FROM bill INNER JOIN product on bill.idsp = product.id WHERE bill.idkh = 7 AND bill.status = 'TrongGio';] 
14.03.2021 02:15:29 sql=[select * from customer_information where id = 7] 
14.03.2021 02:15:29 <!-- sql=[insert into bill (idhd,idkh,idsp,amount,totalmoney,timeorder,deliveryaddress,status) values ('','7','50','2','','','Nguyễn Trãi - Thanh Xuân - Hà Nội','TrongGio')] --> 
14.03.2021 02:15:29 <!-- sql=[UPDATE bill INNER JOIN product on bill.idsp = product.id set bill.totalmoney = bill.amount * product.price] --> 
14.03.2021 02:15:52 sql=[SELECT * FROM bill INNER JOIN product on bill.idsp = product.id WHERE bill.idkh = 7 AND bill.status = 'TrongGio';] 
14.03.2021 02:41:01 sql=[select * from customer_information where id = 7] 
14.03.2021 02:41:01 sql=[select total from product where id = 50] 
14.03.2021 02:42:04 sql=[SELECT * FROM bill INNER JOIN product on bill.idsp = product.id WHERE bill.idkh = 7 AND bill.status = 'TrongGio';] 
14.03.2021 02:45:25 sql=[select * from customer_information where id = 7] 
14.03.2021 02:45:25 sql=[select total from product where id = 50] 
14.03.2021 02:45:52 sql=[select * from customer_information where id = 7] 
14.03.2021 02:45:52 sql=[select total from product where id = 50] 
14.03.2021 02:45:52 sql=[select total from product where id = 50] 
14.03.2021 02:46:08 sql=[select * from customer_information where id = 7] 
14.03.2021 02:46:08 sql=[select total from product where id = 50] 
14.03.2021 02:46:08 <!-- sql=[insert into bill (idhd,idkh,idsp,amount,totalmoney,timeorder,deliveryaddress,status) values ('','7','50','10','','','Nguyễn Trãi - Thanh Xuân - Hà Nội','TrongGio')] --> 
14.03.2021 02:46:08 <!-- sql=[UPDATE product set total = 90 where id = 50] --> 
14.03.2021 02:46:08 <!-- sql=[UPDATE bill INNER JOIN product on bill.idsp = product.id set bill.totalmoney = bill.amount * product.price] --> 
14.03.2021 02:46:13 sql=[SELECT * FROM bill INNER JOIN product on bill.idsp = product.id WHERE bill.idkh = 7 AND bill.status = 'TrongGio';] 
14.03.2021 02:46:40 sql=[select * from customer_information where id = 7] 
14.03.2021 02:46:40 sql=[select total from product where id = 50] 
14.03.2021 02:46:40 sql=[select total from product where id = 50] 
14.03.2021 02:46:52 sql=[select * from customer_information where id = 7] 
14.03.2021 02:46:52 sql=[select total from product where id = 50] 
14.03.2021 02:46:52 sql=[select total from product where id = 50] 
14.03.2021 03:05:45 sql=[SELECT * FROM bill INNER JOIN product on bill.idsp = product.id WHERE bill.idkh = 1 AND bill.status = 'TrongGio';] 
14.03.2021 03:05:52 sql=[SELECT * FROM bill INNER JOIN product on bill.idsp = product.id WHERE bill.idhd = 11 ;] 
14.03.2021 03:05:53 <!-- sql=[UPDATE bill SET status = 'DaDat', timeorder = now() WHERE idhd = 11;] --> 
14.03.2021 03:14:21 sql=[select * from customer_information where id = 6] 
14.03.2021 03:14:21 sql=[select total from product where id = 6] 
14.03.2021 03:14:21 <!-- sql=[insert into bill (idhd,idkh,idsp,amount,totalmoney,timeorder,deliveryaddress,status) values ('','6','6','2','','','Thanh Hóa','TrongGio')] --> 
14.03.2021 03:14:21 <!-- sql=[UPDATE product set total = 98 where id = 6] --> 
14.03.2021 03:14:21 <!-- sql=[UPDATE bill INNER JOIN product on bill.idsp = product.id set bill.totalmoney = bill.amount * product.price] --> 
14.03.2021 03:14:23 sql=[SELECT * FROM bill INNER JOIN product on bill.idsp = product.id WHERE bill.idkh = 6 AND bill.status = 'TrongGio';] 
14.03.2021 03:14:30 <!-- sql=[DELETE from bill where idhd = 22] --> 
14.03.2021 03:14:32 sql=[SELECT * FROM bill INNER JOIN product on bill.idsp = product.id WHERE bill.idkh = 6 AND bill.status = 'TrongGio';] 
14.03.2021 03:14:35 sql=[SELECT * FROM bill INNER JOIN product on bill.idsp = product.id WHERE bill.idhd = 15 ;] 
14.03.2021 03:14:38 <!-- sql=[UPDATE bill SET status = 'DaDat', timeorder = now() WHERE idhd = 15;] --> 
